<?xml version="1.0" encoding="UTF-8"?>
<testsuite xmlns:xsi="http://www.w3.org/2001/XMLSchema-instance" xsi:noNamespaceSchemaLocation="https://maven.apache.org/surefire/maven-surefire-plugin/xsd/surefire-test-report.xsd" name="com.car.AppTest" time="0.055" tests="1" errors="0" skipped="0" failures="0">
  <properties>
    <property name="java.specification.version" value="23"/>
    <property name="sun.cpu.isalist" value="amd64"/>
    <property name="sun.jnu.encoding" value="Cp1252"/>
    <property name="java.class.path" value="C:\Users\viet\Desktop\CarRental\demo\target\test-classes;C:\Users\viet\Desktop\CarRental\demo\target\classes;C:\Users\viet\.m2\repository\junit\junit\4.11\junit-4.11.jar;C:\Users\viet\.m2\repository\org\hamcrest\hamcrest-core\1.3\hamcrest-core-1.3.jar;"/>
    <property name="java.vm.vendor" value="Oracle Corporation"/>
    <property name="sun.arch.data.model" value="64"/>
    <property name="user.variant" value=""/>
    <property name="java.vendor.url" value="https://java.oracle.com/"/>
    <property name="user.timezone" value="Africa/Casablanca"/>
    <property name="user.country.format" value="FR"/>
    <property name="os.name" value="Windows 11"/>
    <property name="java.vm.specification.version" value="23"/>
    <property name="sun.java.launcher" value="SUN_STANDARD"/>
    <property name="user.country" value="US"/>
    <property name="sun.boot.library.path" value="C:\Program Files\Java\jdk-23\bin"/>
    <property name="sun.java.command" value="C:\Users\viet\AppData\Local\Temp\surefire12468965093415332836\surefirebooter17526119969973033266.jar C:\Users\viet\AppData\Local\Temp\surefire12468965093415332836 2025-01-10T14-35-01_783-jvmRun1 surefire4498874498026154001tmp surefire_016524440064242389561tmp"/>
    <property name="jdk.debug" value="release"/>
    <property name="surefire.test.class.path" value="C:\Users\viet\Desktop\CarRental\demo\target\test-classes;C:\Users\viet\Desktop\CarRental\demo\target\classes;C:\Users\viet\.m2\repository\junit\junit\4.11\junit-4.11.jar;C:\Users\viet\.m2\repository\org\hamcrest\hamcrest-core\1.3\hamcrest-core-1.3.jar;"/>
    <property name="sun.cpu.endian" value="little"/>
    <property name="user.home" value="C:\Users\viet"/>
    <property name="user.language" value="en"/>
    <property name="java.specification.vendor" value="Oracle Corporation"/>
    <property name="java.version.date" value="2024-09-17"/>
    <property name="java.home" value="C:\Program Files\Java\jdk-23"/>
    <property name="file.separator" value="\"/>
    <property name="basedir" value="C:\Users\viet\Desktop\CarRental\demo"/>
    <property name="java.vm.compressedOopsMode" value="32-bit"/>
    <property name="line.separator" value="&#10;"/>
    <property name="java.vm.specification.vendor" value="Oracle Corporation"/>
    <property name="java.specification.name" value="Java Platform API Specification"/>
    <property name="surefire.real.class.path" value="C:\Users\viet\AppData\Local\Temp\surefire12468965093415332836\surefirebooter17526119969973033266.jar"/>
    <property name="user.script" value=""/>
    <property name="sun.management.compiler" value="HotSpot 64-Bit Tiered Compilers"/>
    <property name="java.runtime.version" value="23+37-2369"/>
    <property name="user.name" value="viet"/>
    <property name="stdout.encoding" value="Cp1252"/>
    <property name="path.separator" value=";"/>
    <property name="os.version" value="10.0"/>
    <property name="java.runtime.name" value="Java(TM) SE Runtime Environment"/>
    <property name="file.encoding" value="UTF-8"/>
    <property name="java.vm.name" value="Java HotSpot(TM) 64-Bit Server VM"/>
    <property name="localRepository" value="C:\Users\viet\.m2\repository"/>
    <property name="java.vendor.url.bug" value="https://bugreport.java.com/bugreport/"/>
    <property name="java.io.tmpdir" value="C:\Users\viet\AppData\Local\Temp\"/>
    <property name="java.version" value="23"/>
    <property name="user.dir" value="C:\Users\viet\Desktop\CarRental\demo"/>
    <property name="os.arch" value="amd64"/>
    <property name="java.vm.specification.name" value="Java Virtual Machine Specification"/>
    <property name="user.language.format" value="fr"/>
    <property name="sun.os.patch.level" value=""/>
    <property name="native.encoding" value="Cp1252"/>
    <property name="java.library.path" value="C:\Program Files\Java\jdk-23\bin;C:\WINDOWS\Sun\Java\bin;C:\WINDOWS\system32;C:\WINDOWS;C:\oraclexe\app\oracle\product\11.2.0\server\bin;C:\Users\viet\Downloads\WINDOWS.X64_193000_db_home\bin;c:\Users\viet\AppData\Local\Programs\cursor\resources\app\bin;C:\Program Files\Common Files\Oracle\Java\javapath;C:\WINDOWS\system32;C:\WINDOWS;C:\WINDOWS\System32\Wbem;C:\WINDOWS\System32\WindowsPowerShell\v1.0\;C:\WINDOWS\System32\OpenSSH\;C:\MinGW\bin;C:\Program Files\Git\cmd;C:\composer;C:\xampp\php;C:\ProgramData\chocolatey\bin;C:\Program Files (x86)\GnuWin32\bin;C:\Users\viet\.cargo\bin;C:\Users\viet\AppData\Local\Microsoft\WindowsApps;C:\Users\viet\AppData\Roaming\Composer\vendor\bin;C:\Users\viet\AppData\Roaming\npm;C:\Users\viet\.bun\bin;C:\sqlite3;C:\Program Files\JetBrains\IntelliJ IDEA 2024.1\bin;C:\Users\viet\AppData\Local\Microsoft\WindowsApps;c:\Users\viet\AppData\Local\Programs\cursor\resources\app\bin;C:\Program Files\Java\jdk-23\bin;C:\Program Files\apache-maven-3.9.9\bin;C:\Users\viet\Desktop\logstash-8.15.2\bin;C:\Users\viet\Desktop\elasticsearch-8.15.3\bin;C:\Users\viet\Desktop\kibana-8.15.2\bin;C:\Program Files\Java\jdk-17\bin;C:\Users\viet\Downloads\apache-tomcat-9.0.97-windows-x64\apache-tomcat-9.0.97\bin;C:\kafka\bin\windows;C:\oraclexe\app\oracle\product\11.2.0\server\bin;C:\Users\viet\Downloads\WINDOWS.X64_193000_db_home\bin;c:\Users\viet\AppData\Local\Programs\cursor\resources\app\bin;C:\Program Files\Common Files\Oracle\Java\javapath;C:\WINDOWS\system32;C:\WINDOWS;C:\WINDOWS\System32\Wbem;C:\WINDOWS\System32\WindowsPowerShell\v1.0\;C:\WINDOWS\System32\OpenSSH\;C:\MinGW\bin;C:\Program Files\Git\cmd;C:\composer;C:\xampp\php;C:\ProgramData\chocolatey\bin;C:\Program Files (x86)\GnuWin32\bin;C:\Users\viet\.cargo\bin;C:\Users\viet\AppData\Local\Microsoft\WindowsApps;C:\Users\viet\AppData\Roaming\Composer\vendor\bin;C:\Users\viet\AppData\Roaming\npm;C:\Users\viet\.bun\bin;C:\sqlite3;C:\Program Files\JetBrains\IntelliJ IDEA 2024.1\bin;C:\Users\viet\AppData\Local\Microsoft\WindowsApps;c:\Users\viet\AppData\Local\Programs\cursor\resources\app\bin;C:\Program Files\Java\jdk-23\bin;C:\Program Files\apache-maven-3.9.9\bin;C:\Users\viet\Desktop\logstash-8.15.2\bin;C:\Users\viet\Desktop\elasticsearch-8.15.3\bin;C:\Users\viet\Desktop\kibana-8;c:\kafka\bin\windows;C:\Users\viet\AppData\Local\Programs\Windsurf\bin;C:\Users\viet\AppData\Local\Programs\Microsoft VS Code\bin;c:\Users\viet\AppData\Roaming\Code\User\globalStorage\github.copilot-chat\debugCommand;."/>
    <property name="java.vm.info" value="mixed mode, sharing"/>
    <property name="stderr.encoding" value="Cp1252"/>
    <property name="java.vendor" value="Oracle Corporation"/>
    <property name="java.vm.version" value="23+37-2369"/>
    <property name="sun.io.unicode.encoding" value="UnicodeLittle"/>
    <property name="java.class.version" value="67.0"/>
  </properties>
  <testcase name="shouldAnswerWithTrue" classname="com.car.AppTest" time="0.011"/>
</testsuite>